<?xml version="1.0" encoding="UTF-8"?>
<!DOCTYPE mapper PUBLIC "-//mybatis.org//DTD Mapper 3.0//EN"
  "http://mybatis.org/dtd/mybatis-3-mapper.dtd">
<mapper namespace="test.mapper">
  
  
  
  <!-- 고객 전체 목록 조회 -->
  <select id="test" resultType="String">
  	select 'kym' from dual
  </select>
  <select id="test2" resultType="Integer">
  	select 100 from dual
  </select>
  <select id="test3" resultType="String">
  	select '${value}' from dual
  </select>
  
   <select id="test4" resultType="String">
  	select #{param1}||#{param2} from dual
  </select>

</mapper>